build/intermediates/proguard-rules/debug/aapt_rules.txt
# view AndroidManifest.xml #generated:14
-keep class com.example.SimpleGradleExample.MyActivity { <init>(...); }