build/outputs/mapping/debug/seeds.txt
com.example.SimpleGradleExample.MyActivity
com.example.SimpleGradleExample.MyActivity: MyActivity()